
> threatly-frontend@0.1.0 build
> npm run build --workspace=../backend && next build


> threatly-backend@0.1.0 build
> prisma generate && tsc

Environment variables loaded from .env
Prisma schema loaded from prisma/schema.prisma

✔ Generated Prisma Client (6.19.0) to ./src/generated in 31ms

   ▲ Next.js 16.0.1 (Turbopack)
   - Environments: .env.local, .env.production, .env

   Creating an optimized production build ...
 ✓ Compiled successfully in 1393.7ms
   Running TypeScript ...
   Collecting page data ...
   Generating static pages (0/7) ...
   Generating static pages (1/7) 
   Generating static pages (3/7) 
   Generating static pages (5/7) 
 ✓ Generating static pages (7/7) in 258.8ms
   Finalizing page optimization ...

Route (app)
┌ ○ /
├ ○ /_not-found
├ ○ /dashboard
├ ○ /forgot-password
├ ○ /login
└ ○ /sign-up


○  (Static)  prerendered as static content

